Flow report for LOAC_P7_CISC
Wed Oct 30 13:40:22 2019
Quartus Prime Version 18.1.0 Build 625 09/12/2018 SJ Lite Edition


---------------------
; Table of Contents ;
---------------------
  1. Legal Notice
  2. Flow Summary
  3. Flow Settings
  4. Flow Non-Default Global Settings
  5. Flow Elapsed Time
  6. Flow OS Summary
  7. Flow Log
  8. Flow Messages
  9. Flow Suppressed Messages



----------------
; Legal Notice ;
----------------
Copyright (C) 2018  Intel Corporation. All rights reserved.
Your use of Intel Corporation's design tools, logic functions 
and other software and tools, and its AMPP partner logic 
functions, and any output files from any of the foregoing 
(including device programming or simulation files), and any 
associated documentation or information are expressly subject 
to the terms and conditions of the Intel Program License 
Subscription Agreement, the Intel Quartus Prime License Agreement,
the Intel FPGA IP License Agreement, or other applicable license
agreement, including, without limitation, that your use is for
the sole purpose of programming logic devices manufactured by
Intel and sold by Intel or its authorized distributors.  Please
refer to the applicable agreement for further details.



+----------------------------------------------------------------------------------+
; Flow Summary                                                                     ;
+------------------------------------+---------------------------------------------+
; Flow Status                        ; Successful - Wed Oct 30 13:40:22 2019       ;
; Quartus Prime Version              ; 18.1.0 Build 625 09/12/2018 SJ Lite Edition ;
; Revision Name                      ; LOAC_P7_CISC                                ;
; Top-level Entity Name              ; LOAC_P7_CISC                                ;
; Family                             ; MAX 10                                      ;
; Device                             ; 10M50DAF484C7G                              ;
; Timing Models                      ; Final                                       ;
; Total logic elements               ; 316 / 49,760 ( < 1 % )                      ;
;     Total combinational functions  ; 285 / 49,760 ( < 1 % )                      ;
;     Dedicated logic registers      ; 130 / 49,760 ( < 1 % )                      ;
; Total registers                    ; 130                                         ;
; Total pins                         ; 142 / 360 ( 39 % )                          ;
; Total virtual pins                 ; 0                                           ;
; Total memory bits                  ; 0 / 1,677,312 ( 0 % )                       ;
; Embedded Multiplier 9-bit elements ; 0 / 288 ( 0 % )                             ;
; Total PLLs                         ; 0 / 4 ( 0 % )                               ;
; UFM blocks                         ; 0 / 1 ( 0 % )                               ;
; ADC blocks                         ; 0 / 2 ( 0 % )                               ;
+------------------------------------+---------------------------------------------+


+-----------------------------------------+
; Flow Settings                           ;
+-------------------+---------------------+
; Option            ; Setting             ;
+-------------------+---------------------+
; Start date & time ; 10/30/2019 13:37:34 ;
; Main task         ; Compilation         ;
; Revision Name     ; LOAC_P7_CISC        ;
+-------------------+---------------------+


+-------------------------------------------------------------------------------------------------------------------------+
; Flow Non-Default Global Settings                                                                                        ;
+-------------------------------------+----------------------------------------+---------------+-------------+------------+
; Assignment Name                     ; Value                                  ; Default Value ; Entity Name ; Section Id ;
+-------------------------------------+----------------------------------------+---------------+-------------+------------+
; COMPILER_SIGNATURE_ID               ; 1097032508660.157246425409832          ; --            ; --          ; --         ;
; MAX_CORE_JUNCTION_TEMP              ; 85                                     ; --            ; --          ; --         ;
; MIN_CORE_JUNCTION_TEMP              ; 0                                      ; --            ; --          ; --         ;
; PARTITION_COLOR                     ; -- (Not supported for targeted family) ; --            ; --          ; Top        ;
; PARTITION_FITTER_PRESERVATION_LEVEL ; -- (Not supported for targeted family) ; --            ; --          ; Top        ;
; PARTITION_NETLIST_TYPE              ; -- (Not supported for targeted family) ; --            ; --          ; Top        ;
; PROJECT_OUTPUT_DIRECTORY            ; output_files                           ; --            ; --          ; --         ;
+-------------------------------------+----------------------------------------+---------------+-------------+------------+


+--------------------------------------------------------------------------------------------------------------------------+
; Flow Elapsed Time                                                                                                        ;
+----------------------+--------------+-------------------------+---------------------+------------------------------------+
; Module Name          ; Elapsed Time ; Average Processors Used ; Peak Virtual Memory ; Total CPU Time (on all processors) ;
+----------------------+--------------+-------------------------+---------------------+------------------------------------+
; Analysis & Synthesis ; 00:00:21     ; 1.0                     ; 4798 MB             ; 00:00:41                           ;
; Fitter               ; 00:00:55     ; 1.0                     ; 5374 MB             ; 00:01:04                           ;
; Assembler            ; 00:00:04     ; 1.0                     ; 4678 MB             ; 00:00:04                           ;
; Timing Analyzer      ; 00:00:07     ; 1.2                     ; 4784 MB             ; 00:00:07                           ;
; EDA Netlist Writer   ; 00:00:02     ; 1.0                     ; 4623 MB             ; 00:00:02                           ;
; EDA Netlist Writer   ; 00:00:01     ; 1.0                     ; 4631 MB             ; 00:00:02                           ;
; Total                ; 00:01:30     ; --                      ; --                  ; 00:02:00                           ;
+----------------------+--------------+-------------------------+---------------------+------------------------------------+


+------------------------------------------------------------------------------------+
; Flow OS Summary                                                                    ;
+----------------------+------------------+------------+------------+----------------+
; Module Name          ; Machine Hostname ; OS Name    ; OS Version ; Processor type ;
+----------------------+------------------+------------+------------+----------------+
; Analysis & Synthesis ; PC-MAMG          ; Windows 10 ; 10.0       ; x86_64         ;
; Fitter               ; PC-MAMG          ; Windows 10 ; 10.0       ; x86_64         ;
; Assembler            ; PC-MAMG          ; Windows 10 ; 10.0       ; x86_64         ;
; Timing Analyzer      ; PC-MAMG          ; Windows 10 ; 10.0       ; x86_64         ;
; EDA Netlist Writer   ; PC-MAMG          ; Windows 10 ; 10.0       ; x86_64         ;
; EDA Netlist Writer   ; PC-MAMG          ; Windows 10 ; 10.0       ; x86_64         ;
+----------------------+------------------+------------+------------+----------------+


------------
; Flow Log ;
------------
quartus_map --read_settings_files=on --write_settings_files=off LOAC_P7_CISC -c LOAC_P7_CISC
quartus_fit --read_settings_files=off --write_settings_files=off LOAC_P7_CISC -c LOAC_P7_CISC
quartus_asm --read_settings_files=off --write_settings_files=off LOAC_P7_CISC -c LOAC_P7_CISC
quartus_sta LOAC_P7_CISC -c LOAC_P7_CISC
quartus_eda --gen_testbench --tool=modelsim_oem --format=vhdl --write_settings_files=off LOAC_P7_CISC -c LOAC_P7_CISC --vector_source=C:/intelFPGA_lite/OyAC/Lab/Practica7/Waveform22.vwf --testbench_file=C:/intelFPGA_lite/OyAC/Lab/Practica7/simulation/qsim/Waveform22.vwf.vht
quartus_eda --write_settings_files=off --simulation=on --functional=on --flatten_buses=off --tool=modelsim_oem --format=vhdl --output_directory=C:/intelFPGA_lite/OyAC/Lab/Practica7/simulation/qsim/ LOAC_P7_CISC -c LOAC_P7_CISC



