Analysis & Synthesis report for Practica6
Wed Sep 25 10:04:38 2019
Quartus Prime Version 18.1.0 Build 625 09/12/2018 SJ Lite Edition


---------------------
; Table of Contents ;
---------------------
  1. Legal Notice
  2. Analysis & Synthesis Summary
  3. Analysis & Synthesis Settings
  4. Parallel Compilation
  5. Elapsed Time Per Partition
  6. Analysis & Synthesis Messages



----------------
; Legal Notice ;
----------------
Copyright (C) 2018  Intel Corporation. All rights reserved.
Your use of Intel Corporation's design tools, logic functions 
and other software and tools, and its AMPP partner logic 
functions, and any output files from any of the foregoing 
(including device programming or simulation files), and any 
associated documentation or information are expressly subject 
to the terms and conditions of the Intel Program License 
Subscription Agreement, the Intel Quartus Prime License Agreement,
the Intel FPGA IP License Agreement, or other applicable license
agreement, including, without limitation, that your use is for
the sole purpose of programming logic devices manufactured by
Intel and sold by Intel or its authorized distributors.  Please
refer to the applicable agreement for further details.



+----------------------------------------------------------------------------------+
; Analysis & Synthesis Summary                                                     ;
+------------------------------------+---------------------------------------------+
; Analysis & Synthesis Status        ; Failed - Wed Sep 25 10:04:38 2019           ;
; Quartus Prime Version              ; 18.1.0 Build 625 09/12/2018 SJ Lite Edition ;
; Revision Name                      ; Practica6                                   ;
; Top-level Entity Name              ; Practica6                                   ;
; Family                             ; MAX 10                                      ;
; Total logic elements               ; N/A until Partition Merge                   ;
;     Total combinational functions  ; N/A until Partition Merge                   ;
;     Dedicated logic registers      ; N/A until Partition Merge                   ;
; Total registers                    ; N/A until Partition Merge                   ;
; Total pins                         ; N/A until Partition Merge                   ;
; Total virtual pins                 ; N/A until Partition Merge                   ;
; Total memory bits                  ; N/A until Partition Merge                   ;
; Embedded Multiplier 9-bit elements ; N/A until Partition Merge                   ;
; Total PLLs                         ; N/A until Partition Merge                   ;
; UFM blocks                         ; N/A until Partition Merge                   ;
; ADC blocks                         ; N/A until Partition Merge                   ;
+------------------------------------+---------------------------------------------+


+------------------------------------------------------------------------------------------------------------+
; Analysis & Synthesis Settings                                                                              ;
+------------------------------------------------------------------+--------------------+--------------------+
; Option                                                           ; Setting            ; Default Value      ;
+------------------------------------------------------------------+--------------------+--------------------+
; Device                                                           ; 10M50DAF484C7G     ;                    ;
; Top-level entity name                                            ; Practica6          ; Practica6          ;
; Family name                                                      ; MAX 10             ; Cyclone V          ;
; Use smart compilation                                            ; Off                ; Off                ;
; Enable parallel Assembler and Timing Analyzer during compilation ; On                 ; On                 ;
; Enable compact report table                                      ; Off                ; Off                ;
; Restructure Multiplexers                                         ; Auto               ; Auto               ;
; Create Debugging Nodes for IP Cores                              ; Off                ; Off                ;
; Preserve fewer node names                                        ; On                 ; On                 ;
; Intel FPGA IP Evaluation Mode                                    ; Enable             ; Enable             ;
; Verilog Version                                                  ; Verilog_2001       ; Verilog_2001       ;
; VHDL Version                                                     ; VHDL_1993          ; VHDL_1993          ;
; State Machine Processing                                         ; Auto               ; Auto               ;
; Safe State Machine                                               ; Off                ; Off                ;
; Extract Verilog State Machines                                   ; On                 ; On                 ;
; Extract VHDL State Machines                                      ; On                 ; On                 ;
; Ignore Verilog initial constructs                                ; Off                ; Off                ;
; Iteration limit for constant Verilog loops                       ; 5000               ; 5000               ;
; Iteration limit for non-constant Verilog loops                   ; 250                ; 250                ;
; Add Pass-Through Logic to Inferred RAMs                          ; On                 ; On                 ;
; Infer RAMs from Raw Logic                                        ; On                 ; On                 ;
; Parallel Synthesis                                               ; On                 ; On                 ;
; DSP Block Balancing                                              ; Auto               ; Auto               ;
; NOT Gate Push-Back                                               ; On                 ; On                 ;
; Power-Up Don't Care                                              ; On                 ; On                 ;
; Remove Redundant Logic Cells                                     ; Off                ; Off                ;
; Remove Duplicate Registers                                       ; On                 ; On                 ;
; Ignore CARRY Buffers                                             ; Off                ; Off                ;
; Ignore CASCADE Buffers                                           ; Off                ; Off                ;
; Ignore GLOBAL Buffers                                            ; Off                ; Off                ;
; Ignore ROW GLOBAL Buffers                                        ; Off                ; Off                ;
; Ignore LCELL Buffers                                             ; Off                ; Off                ;
; Ignore SOFT Buffers                                              ; On                 ; On                 ;
; Limit AHDL Integers to 32 Bits                                   ; Off                ; Off                ;
; Optimization Technique                                           ; Balanced           ; Balanced           ;
; Carry Chain Length                                               ; 70                 ; 70                 ;
; Auto Carry Chains                                                ; On                 ; On                 ;
; Auto Open-Drain Pins                                             ; On                 ; On                 ;
; Perform WYSIWYG Primitive Resynthesis                            ; Off                ; Off                ;
; Auto ROM Replacement                                             ; On                 ; On                 ;
; Auto RAM Replacement                                             ; On                 ; On                 ;
; Auto DSP Block Replacement                                       ; On                 ; On                 ;
; Auto Shift Register Replacement                                  ; Auto               ; Auto               ;
; Allow Shift Register Merging across Hierarchies                  ; Auto               ; Auto               ;
; Auto Clock Enable Replacement                                    ; On                 ; On                 ;
; Strict RAM Replacement                                           ; Off                ; Off                ;
; Allow Synchronous Control Signals                                ; On                 ; On                 ;
; Force Use of Synchronous Clear Signals                           ; Off                ; Off                ;
; Auto RAM Block Balancing                                         ; On                 ; On                 ;
; Auto RAM to Logic Cell Conversion                                ; Off                ; Off                ;
; Auto Resource Sharing                                            ; Off                ; Off                ;
; Allow Any RAM Size For Recognition                               ; Off                ; Off                ;
; Allow Any ROM Size For Recognition                               ; Off                ; Off                ;
; Allow Any Shift Register Size For Recognition                    ; Off                ; Off                ;
; Use LogicLock Constraints during Resource Balancing              ; On                 ; On                 ;
; Ignore translate_off and synthesis_off directives                ; Off                ; Off                ;
; Timing-Driven Synthesis                                          ; On                 ; On                 ;
; Report Parameter Settings                                        ; On                 ; On                 ;
; Report Source Assignments                                        ; On                 ; On                 ;
; Report Connectivity Checks                                       ; On                 ; On                 ;
; Ignore Maximum Fan-Out Assignments                               ; Off                ; Off                ;
; Synchronization Register Chain Length                            ; 2                  ; 2                  ;
; Power Optimization During Synthesis                              ; Normal compilation ; Normal compilation ;
; HDL message level                                                ; Level2             ; Level2             ;
; Suppress Register Optimization Related Messages                  ; Off                ; Off                ;
; Number of Removed Registers Reported in Synthesis Report         ; 5000               ; 5000               ;
; Number of Swept Nodes Reported in Synthesis Report               ; 5000               ; 5000               ;
; Number of Inverted Registers Reported in Synthesis Report        ; 100                ; 100                ;
; Clock MUX Protection                                             ; On                 ; On                 ;
; Auto Gated Clock Conversion                                      ; Off                ; Off                ;
; Block Design Naming                                              ; Auto               ; Auto               ;
; SDC constraint protection                                        ; Off                ; Off                ;
; Synthesis Effort                                                 ; Auto               ; Auto               ;
; Shift Register Replacement - Allow Asynchronous Clear Signal     ; On                 ; On                 ;
; Pre-Mapping Resynthesis Optimization                             ; Off                ; Off                ;
; Analysis & Synthesis Message Level                               ; Medium             ; Medium             ;
; Disable Register Merging Across Hierarchies                      ; Auto               ; Auto               ;
; Resource Aware Inference For Block RAM                           ; On                 ; On                 ;
+------------------------------------------------------------------+--------------------+--------------------+


+------------------------------------------+
; Parallel Compilation                     ;
+----------------------------+-------------+
; Processors                 ; Number      ;
+----------------------------+-------------+
; Number detected on machine ; 4           ;
; Maximum allowed            ; 2           ;
;                            ;             ;
; Average used               ; 1.00        ;
; Maximum used               ; 1           ;
;                            ;             ;
; Usage by Processor         ; % Time Used ;
;     Processor 1            ; 100.0%      ;
+----------------------------+-------------+


+-------------------------------+
; Elapsed Time Per Partition    ;
+----------------+--------------+
; Partition Name ; Elapsed Time ;
+----------------+--------------+
; Top            ; 00:00:00     ;
+----------------+--------------+


+-------------------------------+
; Analysis & Synthesis Messages ;
+-------------------------------+
Info: *******************************************************************
Info: Running Quartus Prime Analysis & Synthesis
    Info: Version 18.1.0 Build 625 09/12/2018 SJ Lite Edition
    Info: Processing started: Wed Sep 25 10:04:18 2019
Info: Command: quartus_map --read_settings_files=on --write_settings_files=off Practica6 -c Practica6
Warning (18236): Number of processors has not been specified which may cause overloading on shared machines.  Set the global assignment NUM_PARALLEL_PROCESSORS in your QSF to an appropriate value for best performance.
Info (20030): Parallel compilation is enabled and will use 2 of the 2 processors detected
Info (12021): Found 2 design units, including 1 entities, in source file memory.vhd
    Info (12022): Found design unit 1: memory-Behavioral File: C:/intelFPGA_lite/OyAC/Lab/Practica6/memory.vhd Line: 13
    Info (12023): Found entity 1: memory File: C:/intelFPGA_lite/OyAC/Lab/Practica6/memory.vhd Line: 6
Info (12021): Found 2 design units, including 1 entities, in source file reginc.vhd
    Info (12022): Found design unit 1: regInc-Behavioral File: C:/intelFPGA_lite/OyAC/Lab/Practica6/regInc.vhd Line: 11
    Info (12023): Found entity 1: regInc File: C:/intelFPGA_lite/OyAC/Lab/Practica6/regInc.vhd Line: 4
Info (12021): Found 2 design units, including 1 entities, in source file incrementador.vhd
    Info (12022): Found design unit 1: incrementador-Behavioral File: C:/intelFPGA_lite/OyAC/Lab/Practica6/incrementador.vhd Line: 11
    Info (12023): Found entity 1: incrementador File: C:/intelFPGA_lite/OyAC/Lab/Practica6/incrementador.vhd Line: 6
Info (12021): Found 2 design units, including 1 entities, in source file muxsalinc.vhd
    Info (12022): Found design unit 1: muxSalInc-Behavioral File: C:/intelFPGA_lite/OyAC/Lab/Practica6/muxSalInc.vhd Line: 11
    Info (12023): Found entity 1: muxSalInc File: C:/intelFPGA_lite/OyAC/Lab/Practica6/muxSalInc.vhd Line: 4
Info (12021): Found 2 design units, including 1 entities, in source file divisor_datos.vhd
    Info (12022): Found design unit 1: divisor_datos-Behavioral File: C:/intelFPGA_lite/OyAC/Lab/Practica6/divisor_datos.vhd Line: 15
    Info (12023): Found entity 1: divisor_datos File: C:/intelFPGA_lite/OyAC/Lab/Practica6/divisor_datos.vhd Line: 6
Info (12021): Found 2 design units, including 1 entities, in source file muxentradas.vhd
    Info (12022): Found design unit 1: muxEntradas-Behavioral File: C:/intelFPGA_lite/OyAC/Lab/Practica6/muxEntradas.vhd Line: 13
    Info (12023): Found entity 1: muxEntradas File: C:/intelFPGA_lite/OyAC/Lab/Practica6/muxEntradas.vhd Line: 4
Info (12021): Found 1 design units, including 1 entities, in source file practica6.bdf
    Info (12023): Found entity 1: Practica6
Info (12127): Elaborating entity "Practica6" for the top level hierarchy
Warning (275008): Primitive "XNOR" of instance "inst6" not used
Info (12128): Elaborating entity "divisor_datos" for hierarchy "divisor_datos:inst"
Info (12128): Elaborating entity "memory" for hierarchy "memory:inst1"
Warning (10873): Using initial value X (don't care) for net "internal_mem[15]" at memory.vhd(15) File: C:/intelFPGA_lite/OyAC/Lab/Practica6/memory.vhd Line: 15
Info (12128): Elaborating entity "muxEntradas" for hierarchy "muxEntradas:inst2"
Warning (10631): VHDL Process Statement warning at muxEntradas.vhd(15): inferring latch(es) for signal or variable "salida", which holds its previous value in one or more paths through the process File: C:/intelFPGA_lite/OyAC/Lab/Practica6/muxEntradas.vhd Line: 15
Info (10041): Inferred latch for "salida" at muxEntradas.vhd(15) File: C:/intelFPGA_lite/OyAC/Lab/Practica6/muxEntradas.vhd Line: 15
Info (12128): Elaborating entity "regInc" for hierarchy "regInc:inst3"
Info (12128): Elaborating entity "incrementador" for hierarchy "incrementador:inst4"
Info (12128): Elaborating entity "muxSalInc" for hierarchy "muxSalInc:inst5"
Warning (10631): VHDL Process Statement warning at muxSalInc.vhd(13): inferring latch(es) for signal or variable "salida", which holds its previous value in one or more paths through the process File: C:/intelFPGA_lite/OyAC/Lab/Practica6/muxSalInc.vhd Line: 13
Info (10041): Inferred latch for "salida[0]" at muxSalInc.vhd(13) File: C:/intelFPGA_lite/OyAC/Lab/Practica6/muxSalInc.vhd Line: 13
Info (10041): Inferred latch for "salida[1]" at muxSalInc.vhd(13) File: C:/intelFPGA_lite/OyAC/Lab/Practica6/muxSalInc.vhd Line: 13
Info (10041): Inferred latch for "salida[2]" at muxSalInc.vhd(13) File: C:/intelFPGA_lite/OyAC/Lab/Practica6/muxSalInc.vhd Line: 13
Info (10041): Inferred latch for "salida[3]" at muxSalInc.vhd(13) File: C:/intelFPGA_lite/OyAC/Lab/Practica6/muxSalInc.vhd Line: 13
Error (12061): Can't synthesize current design -- Top partition does not contain any logic
Error: Quartus Prime Analysis & Synthesis was unsuccessful. 1 error, 5 warnings
    Error: Peak virtual memory: 4776 megabytes
    Error: Processing ended: Wed Sep 25 10:04:38 2019
    Error: Elapsed time: 00:00:20
    Error: Total CPU time (on all processors): 00:00:36


