Flow report for Practica6
Tue Oct 01 01:09:23 2019
Quartus Prime Version 18.1.0 Build 625 09/12/2018 SJ Lite Edition


---------------------
; Table of Contents ;
---------------------
  1. Legal Notice
  2. Flow Summary
  3. Flow Settings
  4. Flow Non-Default Global Settings
  5. Flow Elapsed Time
  6. Flow OS Summary
  7. Flow Log
  8. Flow Messages
  9. Flow Suppressed Messages



----------------
; Legal Notice ;
----------------
Copyright (C) 2018  Intel Corporation. All rights reserved.
Your use of Intel Corporation's design tools, logic functions 
and other software and tools, and its AMPP partner logic 
functions, and any output files from any of the foregoing 
(including device programming or simulation files), and any 
associated documentation or information are expressly subject 
to the terms and conditions of the Intel Program License 
Subscription Agreement, the Intel Quartus Prime License Agreement,
the Intel FPGA IP License Agreement, or other applicable license
agreement, including, without limitation, that your use is for
the sole purpose of programming logic devices manufactured by
Intel and sold by Intel or its authorized distributors.  Please
refer to the applicable agreement for further details.



+----------------------------------------------------------------------------------+
; Flow Summary                                                                     ;
+------------------------------------+---------------------------------------------+
; Flow Status                        ; Successful - Tue Oct 01 01:09:23 2019       ;
; Quartus Prime Version              ; 18.1.0 Build 625 09/12/2018 SJ Lite Edition ;
; Revision Name                      ; Practica6                                   ;
; Top-level Entity Name              ; Practica6                                   ;
; Family                             ; MAX 10                                      ;
; Device                             ; 10M50DAF484C7G                              ;
; Timing Models                      ; Final                                       ;
; Total logic elements               ; 34 / 49,760 ( < 1 % )                       ;
;     Total combinational functions  ; 34 / 49,760 ( < 1 % )                       ;
;     Dedicated logic registers      ; 24 / 49,760 ( < 1 % )                       ;
; Total registers                    ; 24                                          ;
; Total pins                         ; 25 / 360 ( 7 % )                            ;
; Total virtual pins                 ; 0                                           ;
; Total memory bits                  ; 0 / 1,677,312 ( 0 % )                       ;
; Embedded Multiplier 9-bit elements ; 0 / 288 ( 0 % )                             ;
; Total PLLs                         ; 0 / 4 ( 0 % )                               ;
; UFM blocks                         ; 0 / 1 ( 0 % )                               ;
; ADC blocks                         ; 0 / 2 ( 0 % )                               ;
+------------------------------------+---------------------------------------------+


+-----------------------------------------+
; Flow Settings                           ;
+-------------------+---------------------+
; Option            ; Setting             ;
+-------------------+---------------------+
; Start date & time ; 10/01/2019 01:05:26 ;
; Main task         ; Compilation         ;
; Revision Name     ; Practica6           ;
+-------------------+---------------------+


+-------------------------------------------------------------------------------------------------------------------------+
; Flow Non-Default Global Settings                                                                                        ;
+-------------------------------------+----------------------------------------+---------------+-------------+------------+
; Assignment Name                     ; Value                                  ; Default Value ; Entity Name ; Section Id ;
+-------------------------------------+----------------------------------------+---------------+-------------+------------+
; COMPILER_SIGNATURE_ID               ; 1097032508660.156990992612432          ; --            ; --          ; --         ;
; MAX_CORE_JUNCTION_TEMP              ; 85                                     ; --            ; --          ; --         ;
; MIN_CORE_JUNCTION_TEMP              ; 0                                      ; --            ; --          ; --         ;
; PARTITION_COLOR                     ; -- (Not supported for targeted family) ; --            ; --          ; Top        ;
; PARTITION_FITTER_PRESERVATION_LEVEL ; -- (Not supported for targeted family) ; --            ; --          ; Top        ;
; PARTITION_NETLIST_TYPE              ; -- (Not supported for targeted family) ; --            ; --          ; Top        ;
; PROJECT_OUTPUT_DIRECTORY            ; output_files                           ; --            ; --          ; --         ;
+-------------------------------------+----------------------------------------+---------------+-------------+------------+


+--------------------------------------------------------------------------------------------------------------------------+
; Flow Elapsed Time                                                                                                        ;
+----------------------+--------------+-------------------------+---------------------+------------------------------------+
; Module Name          ; Elapsed Time ; Average Processors Used ; Peak Virtual Memory ; Total CPU Time (on all processors) ;
+----------------------+--------------+-------------------------+---------------------+------------------------------------+
; Analysis & Synthesis ; 00:00:21     ; 1.0                     ; 4777 MB             ; 00:00:42                           ;
; Fitter               ; 00:00:19     ; 1.0                     ; 5286 MB             ; 00:00:23                           ;
; Assembler            ; 00:00:04     ; 1.0                     ; 4674 MB             ; 00:00:05                           ;
; Timing Analyzer      ; 00:00:07     ; 1.0                     ; 4773 MB             ; 00:00:06                           ;
; EDA Netlist Writer   ; 00:00:01     ; 1.0                     ; 4619 MB             ; 00:00:01                           ;
; EDA Netlist Writer   ; 00:00:01     ; 1.0                     ; 4630 MB             ; 00:00:01                           ;
; EDA Netlist Writer   ; 00:00:02     ; 1.0                     ; 4619 MB             ; 00:00:01                           ;
; EDA Netlist Writer   ; 00:00:02     ; 1.0                     ; 4630 MB             ; 00:00:01                           ;
; Total                ; 00:00:57     ; --                      ; --                  ; 00:01:20                           ;
+----------------------+--------------+-------------------------+---------------------+------------------------------------+


+------------------------------------------------------------------------------------+
; Flow OS Summary                                                                    ;
+----------------------+------------------+------------+------------+----------------+
; Module Name          ; Machine Hostname ; OS Name    ; OS Version ; Processor type ;
+----------------------+------------------+------------+------------+----------------+
; Analysis & Synthesis ; PC-MAMG          ; Windows 10 ; 10.0       ; x86_64         ;
; Fitter               ; PC-MAMG          ; Windows 10 ; 10.0       ; x86_64         ;
; Assembler            ; PC-MAMG          ; Windows 10 ; 10.0       ; x86_64         ;
; Timing Analyzer      ; PC-MAMG          ; Windows 10 ; 10.0       ; x86_64         ;
; EDA Netlist Writer   ; PC-MAMG          ; Windows 10 ; 10.0       ; x86_64         ;
; EDA Netlist Writer   ; PC-MAMG          ; Windows 10 ; 10.0       ; x86_64         ;
; EDA Netlist Writer   ; PC-MAMG          ; Windows 10 ; 10.0       ; x86_64         ;
; EDA Netlist Writer   ; PC-MAMG          ; Windows 10 ; 10.0       ; x86_64         ;
+----------------------+------------------+------------+------------+----------------+


------------
; Flow Log ;
------------
quartus_map --read_settings_files=on --write_settings_files=off Practica6 -c Practica6
quartus_fit --read_settings_files=off --write_settings_files=off Practica6 -c Practica6
quartus_asm --read_settings_files=off --write_settings_files=off Practica6 -c Practica6
quartus_sta Practica6 -c Practica6
quartus_eda --gen_testbench --tool=modelsim_oem --format=vhdl --write_settings_files=off Practica6 -c Practica6 --vector_source=C:/intelFPGA_lite/OyAC/Lab/Practica6/Waveform1.vwf --testbench_file=C:/intelFPGA_lite/OyAC/Lab/Practica6/simulation/qsim/Waveform1.vwf.vht
quartus_eda --write_settings_files=off --simulation=on --functional=on --flatten_buses=off --tool=modelsim_oem --format=vhdl --output_directory=C:/intelFPGA_lite/OyAC/Lab/Practica6/simulation/qsim/ Practica6 -c Practica6
quartus_eda --gen_testbench --tool=modelsim_oem --format=vhdl --write_settings_files=off Practica6 -c Practica6 --vector_source=C:/intelFPGA_lite/OyAC/Lab/Practica6/Waveform1.vwf --testbench_file=C:/intelFPGA_lite/OyAC/Lab/Practica6/simulation/qsim/Waveform1.vwf.vht
quartus_eda --write_settings_files=off --simulation=on --functional=on --flatten_buses=off --tool=modelsim_oem --format=vhdl --output_directory=C:/intelFPGA_lite/OyAC/Lab/Practica6/simulation/qsim/ Practica6 -c Practica6



